/*C2*/SET SCHEMA PUBLIC
DELETE FROM "mendixsystem$version" WHERE "versionnumber"='4.2'
INSERT INTO "mendixsystem$version" VALUES('4.2','2022-11-08 12:17:40.447000','4.1.0','unversioned','Basic-App','9.19.0.55544')
COMMIT
/*C3*/SET SCHEMA PUBLIC
DELETE FROM "mendixsystem$entityidentifier" WHERE "id"='d4154981-8dac-4150-aec5-efa3ef62a7a2'
INSERT INTO "mendixsystem$entityidentifier" VALUES('d4154981-8dac-4150-aec5-efa3ef62a7a2',3,701)
COMMIT
INSERT INTO "system$xasinstance" VALUES(844424930208907,'2f9c9576-bebc-4d05-a76d-1c9b6114c540','2022-11-08 11:53:24.168000',NULL,NULL,NULL,'2022-11-08 11:53:24.156000')
COMMIT
DELETE FROM "system$userrole" WHERE "id"=11540474045137073
INSERT INTO "system$userrole" VALUES(11540474045137073,'8dd52bfa-6d7e-453b-b506-303c0a3d9567','Administrator','')
DELETE FROM "system$userrole" WHERE "id"=11540474045137253
INSERT INTO "system$userrole" VALUES(11540474045137253,'53f5d6fa-6da9-4a71-b011-454ec052cce8','User','')
COMMIT
DELETE FROM "system$user" WHERE "id"=11821949021847726
INSERT INTO "system$user" VALUES(11821949021847726,'demo_administrator','{BCrypt}$2a$10$4r.LVfZoZw1vDOcapwwlUe3ElOVUUU1hC0Urwqdkhb7EWxWD7BhRG',NULL,FALSE,NULL,TRUE,0,FALSE,FALSE,'2022-11-08 08:40:46.537000','2022-11-08 08:40:46.537000','Administration.Account',NULL,11821949021847726)
COMMIT
/*C4*/SET SCHEMA PUBLIC
DELETE FROM "system$user" WHERE "id"=11821949021847849
INSERT INTO "system$user" VALUES(11821949021847849,'demo_user','{BCrypt}$2a$10$bDMnx1UtVEjwEQuHnQUIXOQq528a6nXxfyYgEWm6MfgIJZs8Bawy2',NULL,FALSE,NULL,TRUE,0,FALSE,FALSE,'2022-11-08 08:40:46.693000','2022-11-08 08:40:46.693000','Administration.Account',NULL,11821949021847849)
COMMIT
DELETE FROM "mendixsystem$properties" WHERE "key"='Mendix.Runtime.DeploymentID'
INSERT INTO "mendixsystem$properties" VALUES('Mendix.Runtime.DeploymentID','638035249850185406')
COMMIT
DELETE FROM "system$session" WHERE "id"=6755399441107133
DELETE FROM "system$session_user" WHERE "system$sessionid"=6755399441107133 AND "system$userid"=281474976736389
COMMIT
DELETE FROM "mendixsystem$entityidentifier" WHERE "id"='c6c131c8-8779-4213-9b26-a64e141f26a8'
INSERT INTO "mendixsystem$entityidentifier" VALUES('c6c131c8-8779-4213-9b26-a64e141f26a8',15,901)
COMMIT
ALTER SEQUENCE PUBLIC."system$queuedtask_sequence_mxseq" RESTART WITH 277
INSERT INTO "system$queuedtask" VALUES(4222124650762418,276,'Idle','59651013-f9bc-4fc1-b435-276439b07899','System.ScheduledEventsQueue','System',NULL,NULL,'ClusterManagement-PopulateFileDocumentSizes','[]',NULL,NULL,'2022-11-08 11:53:25.575000','2022-11-08 11:53:30.555000',NULL,0,'{"interval":3600000,"triesLeft":12,"type":"fixed"}',NULL,NULL)
COMMIT
DELETE FROM "system$queuedtask" WHERE "id"=4222124650739746
INSERT INTO "system$queuedtask" VALUES(4222124650739746,268,'Idle','59651013-f9bc-4fc1-b435-276439b07899','System.ScheduledEventsQueue','ScheduledEvent',NULL,NULL,'ClusterManagement-MigrateOldFiles','[]',NULL,NULL,'2022-11-08 08:59:15.208000','2022-11-08 11:55:06.605000',NULL,0,NULL,'ClusterManagement-MigrateOldFiles',NULL)
DELETE FROM "system$queuedtask" WHERE "id"=4222124650750335
INSERT INTO "system$queuedtask" VALUES(4222124650750335,274,'Idle','59651013-f9bc-4fc1-b435-276439b07899','System.ScheduledEventsQueue','ScheduledEvent',NULL,NULL,'ClusterManagement-CleanupSessions','[]',NULL,NULL,'2022-11-08 09:03:10.244000','2022-11-08 11:53:26.604000',NULL,0,NULL,'ClusterManagement-CleanupSessions',NULL)
DELETE FROM "system$queuedtask" WHERE "id"=4222124650678579
INSERT INTO "system$queuedtask" VALUES(4222124650678579,63,'Idle','59651013-f9bc-4fc1-b435-276439b07899','System.ScheduledEventsQueue','ScheduledEvent',NULL,'MendixSSO.SE_DeleteExpiredAuthRequests',NULL,'{}',NULL,NULL,'2022-11-08 08:11:33.431000','2022-11-08 12:00:00.000000',NULL,0,NULL,'MendixSSO.DeleteExpiredAuthRequests',NULL)
DELETE FROM "system$queuedtask" WHERE "id"=4222124650679603
INSERT INTO "system$queuedtask" VALUES(4222124650679603,73,'Idle','59651013-f9bc-4fc1-b435-276439b07899','System.ScheduledEventsQueue','ScheduledEvent',NULL,'MendixSSO.SE_DeleteExpiredTokens',NULL,'{}',NULL,NULL,'2022-11-08 08:11:33.877000','2022-11-08 12:00:00.000000',NULL,0,NULL,'MendixSSO.DeleteExpiredTokens',NULL)
DELETE FROM "system$queuedtask" WHERE "id"=4222124650738850
INSERT INTO "system$queuedtask" VALUES(4222124650738850,261,'Idle','59651013-f9bc-4fc1-b435-276439b07899','System.ScheduledEventsQueue','ScheduledEvent',NULL,NULL,'ClusterManagement-CleanupOrphanedFiles','[]',NULL,NULL,'2022-11-08 08:55:54.859000','2022-11-08 11:56:46.604000',NULL,0,NULL,'ClusterManagement-CleanupOrphanedFiles',NULL)
DELETE FROM "system$queuedtask" WHERE "id"=4222124650749784
INSERT INTO "system$queuedtask" VALUES(4222124650749784,270,'Idle','59651013-f9bc-4fc1-b435-276439b07899','System.ScheduledEventsQueue','ScheduledEvent',NULL,NULL,'ClusterManagement-CleanupOfflineGUIDs','[]',NULL,NULL,'2022-11-08 09:03:10.205000','2022-11-08 11:53:26.604000',NULL,0,NULL,'ClusterManagement-CleanupOfflineGUIDs',NULL)
DELETE FROM "system$queuedtask" WHERE "id"=4222124650749909
INSERT INTO "system$queuedtask" VALUES(4222124650749909,271,'Idle','59651013-f9bc-4fc1-b435-276439b07899','System.ScheduledEventsQueue','ScheduledEvent',NULL,NULL,'ClusterManagement-CleanupBackgroundJobs','[]',NULL,NULL,'2022-11-08 09:03:10.205000','2022-11-08 11:53:26.603000',NULL,0,NULL,'ClusterManagement-CleanupBackgroundJobs',NULL)
DELETE FROM "system$queuedtask" WHERE "id"=4222124650750181
INSERT INTO "system$queuedtask" VALUES(4222124650750181,273,'Idle','59651013-f9bc-4fc1-b435-276439b07899','System.ScheduledEventsQueue','ScheduledEvent',NULL,NULL,'ClusterManagement-CleanupTmpDocuments','[]',NULL,NULL,'2022-11-08 09:03:10.207000','2022-11-08 11:53:26.604000',NULL,0,NULL,'ClusterManagement-CleanupTmpDocuments',NULL)
DELETE FROM "system$queuedtask" WHERE "id"=4222124650750028
INSERT INTO "system$queuedtask" VALUES(4222124650750028,272,'Idle','59651013-f9bc-4fc1-b435-276439b07899','System.ScheduledEventsQueue','ScheduledEvent',NULL,NULL,'ClusterManagement-CleanupOfflineSyncHistory','[]',NULL,NULL,'2022-11-08 09:03:10.207000','2022-11-08 11:53:26.604000',NULL,0,NULL,'ClusterManagement-CleanupOfflineSyncHistory',NULL)
DELETE FROM "system$queuedtask" WHERE "id"=4222124650750344
INSERT INTO "system$queuedtask" VALUES(4222124650750344,275,'Idle','59651013-f9bc-4fc1-b435-276439b07899','System.ScheduledEventsQueue','ScheduledEvent',NULL,NULL,'ClusterManagement-UnblockUsers','[]',NULL,NULL,'2022-11-08 09:03:14.331000','2022-11-08 11:53:30.604000',NULL,0,NULL,'ClusterManagement-UnblockUsers',NULL)
COMMIT
DELETE FROM "system$xasinstance" WHERE "id"=844424930208907
INSERT INTO "system$xasinstance" VALUES(844424930208907,'2f9c9576-bebc-4d05-a76d-1c9b6114c540','2022-11-08 11:53:26.536000',NULL,NULL,NULL,'2022-11-08 11:53:24.156000')
COMMIT
DELETE FROM "system$queuedtask" WHERE "id"=4222124650749784
DELETE FROM "system$queuedtask" WHERE "id"=4222124650749909
DELETE FROM "system$queuedtask" WHERE "id"=4222124650750028
DELETE FROM "system$queuedtask" WHERE "id"=4222124650750181
DELETE FROM "system$queuedtask" WHERE "id"=4222124650750335
INSERT INTO "system$queuedtask" VALUES(4222124650749784,270,'Running','59651013-f9bc-4fc1-b435-276439b07899','System.ScheduledEventsQueue','ScheduledEvent',NULL,NULL,'ClusterManagement-CleanupOfflineGUIDs','[]','2f9c9576-bebc-4d05-a76d-1c9b6114c540',38,'2022-11-08 09:03:10.205000','2022-11-08 11:53:26.604000','2022-11-08 11:53:26.972000',0,NULL,'ClusterManagement-CleanupOfflineGUIDs',NULL)
INSERT INTO "system$queuedtask" VALUES(4222124650749909,271,'Running','59651013-f9bc-4fc1-b435-276439b07899','System.ScheduledEventsQueue','ScheduledEvent',NULL,NULL,'ClusterManagement-CleanupBackgroundJobs','[]','2f9c9576-bebc-4d05-a76d-1c9b6114c540',38,'2022-11-08 09:03:10.205000','2022-11-08 11:53:26.603000','2022-11-08 11:53:26.977000',0,NULL,'ClusterManagement-CleanupBackgroundJobs',NULL)
INSERT INTO "system$queuedtask" VALUES(4222124650750028,272,'Running','59651013-f9bc-4fc1-b435-276439b07899','System.ScheduledEventsQueue','ScheduledEvent',NULL,NULL,'ClusterManagement-CleanupOfflineSyncHistory','[]','2f9c9576-bebc-4d05-a76d-1c9b6114c540',38,'2022-11-08 09:03:10.207000','2022-11-08 11:53:26.604000','2022-11-08 11:53:26.980000',0,NULL,'ClusterManagement-CleanupOfflineSyncHistory',NULL)
INSERT INTO "system$queuedtask" VALUES(4222124650750181,273,'Running','59651013-f9bc-4fc1-b435-276439b07899','System.ScheduledEventsQueue','ScheduledEvent',NULL,NULL,'ClusterManagement-CleanupTmpDocuments','[]','2f9c9576-bebc-4d05-a76d-1c9b6114c540',38,'2022-11-08 09:03:10.207000','2022-11-08 11:53:26.604000','2022-11-08 11:53:26.981000',0,NULL,'ClusterManagement-CleanupTmpDocuments',NULL)
INSERT INTO "system$queuedtask" VALUES(4222124650750335,274,'Running','59651013-f9bc-4fc1-b435-276439b07899','System.ScheduledEventsQueue','ScheduledEvent',NULL,NULL,'ClusterManagement-CleanupSessions','[]','2f9c9576-bebc-4d05-a76d-1c9b6114c540',38,'2022-11-08 09:03:10.244000','2022-11-08 11:53:26.604000','2022-11-08 11:53:26.984000',0,NULL,'ClusterManagement-CleanupSessions',NULL)
COMMIT
/*C3*/ALTER SEQUENCE PUBLIC."system$queuedtask_sequence_mxseq" RESTART WITH 280
/*C2*/ALTER SEQUENCE PUBLIC."system$queuedtask_sequence_mxseq" RESTART WITH 280
/*C4*/ALTER SEQUENCE PUBLIC."system$queuedtask_sequence_mxseq" RESTART WITH 280
/*C5*/SET SCHEMA PUBLIC
DELETE FROM "mendixsystem$entityidentifier" WHERE "id"='eb5c32a1-85ec-49d1-8bca-ecca779cd539'
INSERT INTO "mendixsystem$entityidentifier" VALUES('eb5c32a1-85ec-49d1-8bca-ecca779cd539',55,901)
COMMIT
/*C2*/INSERT INTO "system$queuedtask" VALUES(4222124650762790,279,'Idle','59651013-f9bc-4fc1-b435-276439b07899','System.ScheduledEventsQueue','ScheduledEvent',NULL,NULL,'ClusterManagement-CleanupBackgroundJobs','[]',NULL,NULL,'2022-11-08 11:53:27.026000','2022-11-08 11:58:26.603000',NULL,0,NULL,'ClusterManagement-CleanupBackgroundJobs',NULL)
INSERT INTO "system$processedqueuetask" VALUES(15481123719188858,271,'Completed','59651013-f9bc-4fc1-b435-276439b07899','System.ScheduledEventsQueue','ScheduledEvent',NULL,NULL,'ClusterManagement-CleanupBackgroundJobs','[]','2f9c9576-bebc-4d05-a76d-1c9b6114c540',38,'2022-11-08 09:03:10.205000','2022-11-08 11:53:26.603000','2022-11-08 11:53:26.977000','2022-11-08 11:53:27.057000',80,0,NULL,'ClusterManagement-CleanupBackgroundJobs',NULL)
DELETE FROM "system$queuedtask" WHERE "id"=4222124650749909
COMMIT
/*C4*/INSERT INTO "system$queuedtask" VALUES(4222124650762619,277,'Idle','59651013-f9bc-4fc1-b435-276439b07899','System.ScheduledEventsQueue','ScheduledEvent',NULL,NULL,'ClusterManagement-CleanupOfflineSyncHistory','[]',NULL,NULL,'2022-11-08 11:53:27.027000','2022-11-08 11:58:26.604000',NULL,0,NULL,'ClusterManagement-CleanupOfflineSyncHistory',NULL)
INSERT INTO "system$processedqueuetask" VALUES(15481123719188880,272,'Completed','59651013-f9bc-4fc1-b435-276439b07899','System.ScheduledEventsQueue','ScheduledEvent',NULL,NULL,'ClusterManagement-CleanupOfflineSyncHistory','[]','2f9c9576-bebc-4d05-a76d-1c9b6114c540',38,'2022-11-08 09:03:10.207000','2022-11-08 11:53:26.604000','2022-11-08 11:53:26.980000','2022-11-08 11:53:27.057000',77,0,NULL,'ClusterManagement-CleanupOfflineSyncHistory',NULL)
DELETE FROM "system$queuedtask" WHERE "id"=4222124650750028
COMMIT
/*C3*/INSERT INTO "system$queuedtask" VALUES(4222124650762712,278,'Idle','59651013-f9bc-4fc1-b435-276439b07899','System.ScheduledEventsQueue','ScheduledEvent',NULL,NULL,'ClusterManagement-CleanupOfflineGUIDs','[]',NULL,NULL,'2022-11-08 11:53:27.026000','2022-11-08 11:58:26.604000',NULL,0,NULL,'ClusterManagement-CleanupOfflineGUIDs',NULL)
INSERT INTO "system$processedqueuetask" VALUES(15481123719188685,270,'Completed','59651013-f9bc-4fc1-b435-276439b07899','System.ScheduledEventsQueue','ScheduledEvent',NULL,NULL,'ClusterManagement-CleanupOfflineGUIDs','[]','2f9c9576-bebc-4d05-a76d-1c9b6114c540',38,'2022-11-08 09:03:10.205000','2022-11-08 11:53:26.604000','2022-11-08 11:53:26.972000','2022-11-08 11:53:27.057000',85,0,NULL,'ClusterManagement-CleanupOfflineGUIDs',NULL)
DELETE FROM "system$queuedtask" WHERE "id"=4222124650749784
COMMIT
/*C2*/ALTER SEQUENCE PUBLIC."system$queuedtask_sequence_mxseq" RESTART WITH 282
/*C4*/ALTER SEQUENCE PUBLIC."system$queuedtask_sequence_mxseq" RESTART WITH 282
INSERT INTO "system$queuedtask" VALUES(4222124650763088,281,'Idle','59651013-f9bc-4fc1-b435-276439b07899','System.ScheduledEventsQueue','ScheduledEvent',NULL,NULL,'ClusterManagement-CleanupSessions','[]',NULL,NULL,'2022-11-08 11:53:27.077000','2022-11-08 11:58:26.604000',NULL,0,NULL,'ClusterManagement-CleanupSessions',NULL)
INSERT INTO "system$processedqueuetask" VALUES(15481123719189209,274,'Completed','59651013-f9bc-4fc1-b435-276439b07899','System.ScheduledEventsQueue','ScheduledEvent',NULL,NULL,'ClusterManagement-CleanupSessions','[]','2f9c9576-bebc-4d05-a76d-1c9b6114c540',38,'2022-11-08 09:03:10.244000','2022-11-08 11:53:26.604000','2022-11-08 11:53:26.984000','2022-11-08 11:53:27.080000',96,0,NULL,'ClusterManagement-CleanupSessions',NULL)
DELETE FROM "system$queuedtask" WHERE "id"=4222124650750335
COMMIT
/*C2*/INSERT INTO "system$queuedtask" VALUES(4222124650762968,280,'Idle','59651013-f9bc-4fc1-b435-276439b07899','System.ScheduledEventsQueue','ScheduledEvent',NULL,NULL,'ClusterManagement-CleanupTmpDocuments','[]',NULL,NULL,'2022-11-08 11:53:27.073000','2022-11-08 11:58:26.604000',NULL,0,NULL,'ClusterManagement-CleanupTmpDocuments',NULL)
INSERT INTO "system$processedqueuetask" VALUES(15481123719189113,273,'Completed','59651013-f9bc-4fc1-b435-276439b07899','System.ScheduledEventsQueue','ScheduledEvent',NULL,NULL,'ClusterManagement-CleanupTmpDocuments','[]','2f9c9576-bebc-4d05-a76d-1c9b6114c540',38,'2022-11-08 09:03:10.207000','2022-11-08 11:53:26.604000','2022-11-08 11:53:26.981000','2022-11-08 11:53:27.080000',99,0,NULL,'ClusterManagement-CleanupTmpDocuments',NULL)
DELETE FROM "system$queuedtask" WHERE "id"=4222124650750181
COMMIT
DELETE FROM "system$user" WHERE "id"=281474976736389
INSERT INTO "system$user" VALUES(281474976736389,'MxAdmin','{BCrypt}$2a$10$NGEKDiCVonV.hEndB2WZjuRzGLyjh6RbTif4vXdWXUUoHJWsybugG','2022-11-08 09:03:29.927000',FALSE,NULL,TRUE,0,FALSE,FALSE,'2022-11-08 08:40:48.256000','2022-11-08 08:40:48.256000','System.User',NULL,281474976736389)
COMMIT
/*C3*/DELETE FROM "system$queuedtask" WHERE "id"=4222124650750344
DELETE FROM "system$queuedtask" WHERE "id"=4222124650762418
INSERT INTO "system$queuedtask" VALUES(4222124650750344,275,'Running','59651013-f9bc-4fc1-b435-276439b07899','System.ScheduledEventsQueue','ScheduledEvent',NULL,NULL,'ClusterManagement-UnblockUsers','[]','2f9c9576-bebc-4d05-a76d-1c9b6114c540',38,'2022-11-08 09:03:14.331000','2022-11-08 11:53:30.604000','2022-11-08 11:53:31.125000',0,NULL,'ClusterManagement-UnblockUsers',NULL)
INSERT INTO "system$queuedtask" VALUES(4222124650762418,276,'Running','59651013-f9bc-4fc1-b435-276439b07899','System.ScheduledEventsQueue','System',NULL,NULL,'ClusterManagement-PopulateFileDocumentSizes','[]','2f9c9576-bebc-4d05-a76d-1c9b6114c540',38,'2022-11-08 11:53:25.575000','2022-11-08 11:53:30.555000','2022-11-08 11:53:31.127000',0,'{"interval":3600000,"triesLeft":12,"type":"fixed"}',NULL,NULL)
COMMIT
ALTER SEQUENCE PUBLIC."system$queuedtask_sequence_mxseq" RESTART WITH 283
/*C2*/INSERT INTO "system$processedqueuetask" VALUES(15481123719189393,276,'Completed','59651013-f9bc-4fc1-b435-276439b07899','System.ScheduledEventsQueue','System',NULL,NULL,'ClusterManagement-PopulateFileDocumentSizes','[]','2f9c9576-bebc-4d05-a76d-1c9b6114c540',38,'2022-11-08 11:53:25.575000','2022-11-08 11:53:30.555000','2022-11-08 11:53:31.127000','2022-11-08 11:53:31.146000',19,0,NULL,NULL,NULL)
DELETE FROM "system$queuedtask" WHERE "id"=4222124650762418
COMMIT
/*C3*/INSERT INTO "system$queuedtask" VALUES(4222124650763229,282,'Idle','59651013-f9bc-4fc1-b435-276439b07899','System.ScheduledEventsQueue','ScheduledEvent',NULL,NULL,'ClusterManagement-UnblockUsers','[]',NULL,NULL,'2022-11-08 11:53:31.141000','2022-11-08 11:58:30.604000',NULL,0,NULL,'ClusterManagement-UnblockUsers',NULL)
INSERT INTO "system$processedqueuetask" VALUES(15481123719189253,275,'Completed','59651013-f9bc-4fc1-b435-276439b07899','System.ScheduledEventsQueue','ScheduledEvent',NULL,NULL,'ClusterManagement-UnblockUsers','[]','2f9c9576-bebc-4d05-a76d-1c9b6114c540',38,'2022-11-08 09:03:14.331000','2022-11-08 11:53:30.604000','2022-11-08 11:53:31.125000','2022-11-08 11:53:31.147000',22,0,NULL,'ClusterManagement-UnblockUsers',NULL)
DELETE FROM "system$queuedtask" WHERE "id"=4222124650750344
COMMIT
DELETE FROM "system$user" WHERE "id"=281474976736389
INSERT INTO "system$user" VALUES(281474976736389,'MxAdmin','{BCrypt}$2a$10$NGEKDiCVonV.hEndB2WZjuRzGLyjh6RbTif4vXdWXUUoHJWsybugG','2022-11-08 11:53:48.366000',FALSE,NULL,TRUE,0,FALSE,FALSE,'2022-11-08 08:40:48.256000','2022-11-08 08:40:48.256000','System.User',NULL,281474976736389)
COMMIT
/*C4*/DELETE FROM "mendixsystem$entityidentifier" WHERE "id"='37f9fd49-5318-4c63-9a51-f761779b202f'
INSERT INTO "mendixsystem$entityidentifier" VALUES('37f9fd49-5318-4c63-9a51-f761779b202f',24,601)
COMMIT
INSERT INTO "system$session" VALUES(6755399441119873,'c975cf05-f614-4dba-8ac6-adfcec331474','dfdc9b19-742d-46e6-b29a-1af406c52b31','2022-11-08 11:53:48.441000',FALSE,'e42834d0-ab05-438f-87ee-e618ec712d5d',NULL,'2022-11-08 11:53:48.441000')
INSERT INTO "system$session_user" VALUES(6755399441119873,281474976736389)
COMMIT
DELETE FROM "system$session" WHERE "id"=6755399441119873
INSERT INTO "system$session" VALUES(6755399441119873,'c975cf05-f614-4dba-8ac6-adfcec331474','dfdc9b19-742d-46e6-b29a-1af406c52b31','2022-11-08 11:53:48.662000',FALSE,'e42834d0-ab05-438f-87ee-e618ec712d5d',NULL,'2022-11-08 11:53:48.441000')
COMMIT
/*C3*/DELETE FROM "system$session" WHERE "id"=6755399441119873
INSERT INTO "system$session" VALUES(6755399441119873,'c975cf05-f614-4dba-8ac6-adfcec331474','dfdc9b19-742d-46e6-b29a-1af406c52b31','2022-11-08 11:53:49.910000',FALSE,'e42834d0-ab05-438f-87ee-e618ec712d5d',NULL,'2022-11-08 11:53:48.441000')
COMMIT
/*C2*/DELETE FROM "system$queuedtask" WHERE "id"=4222124650739746
INSERT INTO "system$queuedtask" VALUES(4222124650739746,268,'Running','59651013-f9bc-4fc1-b435-276439b07899','System.ScheduledEventsQueue','ScheduledEvent',NULL,NULL,'ClusterManagement-MigrateOldFiles','[]','2f9c9576-bebc-4d05-a76d-1c9b6114c540',38,'2022-11-08 08:59:15.208000','2022-11-08 11:55:06.605000','2022-11-08 11:55:06.812000',0,NULL,'ClusterManagement-MigrateOldFiles',NULL)
COMMIT
/*C3*/ALTER SEQUENCE PUBLIC."system$queuedtask_sequence_mxseq" RESTART WITH 284
INSERT INTO "system$queuedtask" VALUES(4222124650763350,283,'Idle','59651013-f9bc-4fc1-b435-276439b07899','System.ScheduledEventsQueue','ScheduledEvent',NULL,NULL,'ClusterManagement-MigrateOldFiles','[]',NULL,NULL,'2022-11-08 11:55:06.820000','2022-11-08 12:00:06.605000',NULL,0,NULL,'ClusterManagement-MigrateOldFiles',NULL)
INSERT INTO "system$processedqueuetask" VALUES(15481123719189555,268,'Completed','59651013-f9bc-4fc1-b435-276439b07899','System.ScheduledEventsQueue','ScheduledEvent',NULL,NULL,'ClusterManagement-MigrateOldFiles','[]','2f9c9576-bebc-4d05-a76d-1c9b6114c540',38,'2022-11-08 08:59:15.208000','2022-11-08 11:55:06.605000','2022-11-08 11:55:06.812000','2022-11-08 11:55:06.826000',14,0,NULL,'ClusterManagement-MigrateOldFiles',NULL)
DELETE FROM "system$queuedtask" WHERE "id"=4222124650739746
COMMIT
